# JRE version: OpenJDK Runtime Environment (11.0.13) (build 11.0.13+0-b1751.21-8125866)
# Java VM: OpenJDK 64-Bit Server VM (11.0.13+0-b1751.21-8125866, mixed mode, tiered, compressed oops, g1 gc, windows-amd64)
Heap:
 garbage-first heap   total 258048K, used 84269K [0x0000000080000000, 0x0000000100000000)
  region size 1024K, 19 young (19456K), 15 survivors (15360K)
 Metaspace       used 98653K, capacity 100826K, committed 101252K, reserved 1136640K
  class space    used 12557K, capacity 13368K, committed 13516K, reserved 1048576K
GC Heap History (20 events):
Event: 527.539 GC heap before
{Heap before GC invocations=27 (full 0):
 garbage-first heap   total 258048K, used 196818K [0x0000000080000000, 0x0000000100000000)
  region size 1024K, 151 young (154624K), 1 survivors (1024K)
 Metaspace       used 64454K, capacity 65970K, committed 66312K, reserved 1107968K
  class space    used 7976K, capacity 8592K, committed 8704K, reserved 1048576K
}
Event: 527.540 GC heap after
{Heap after GC invocations=28 (full 0):
 garbage-first heap   total 258048K, used 42546K [0x0000000080000000, 0x0000000100000000)
  region size 1024K, 1 young (1024K), 1 survivors (1024K)
 Metaspace       used 64454K, capacity 65970K, committed 66312K, reserved 1107968K
  class space    used 7976K, capacity 8592K, committed 8704K, reserved 1048576K
}
Event: 530.914 GC heap before
{Heap before GC invocations=28 (full 0):
 garbage-first heap   total 258048K, used 199218K [0x0000000080000000, 0x0000000100000000)
  region size 1024K, 151 young (154624K), 1 survivors (1024K)
 Metaspace       used 64459K, capacity 65970K, committed 66312K, reserved 1107968K
  class space    used 7976K, capacity 8592K, committed 8704K, reserved 1048576K
}
Event: 530.916 GC heap after
{Heap after GC invocations=29 (full 0):
 garbage-first heap   total 258048K, used 46022K [0x0000000080000000, 0x0000000100000000)
  region size 1024K, 2 young (2048K), 2 survivors (2048K)
 Metaspace       used 64459K, capacity 65970K, committed 66312K, reserved 1107968K
  class space    used 7976K, capacity 8592K, committed 8704K, reserved 1048576K
}
Event: 531.274 GC heap before
{Heap before GC invocations=29 (full 0):
 garbage-first heap   total 258048K, used 198598K [0x0000000080000000, 0x0000000100000000)
  region size 1024K, 151 young (154624K), 2 survivors (2048K)
 Metaspace       used 64459K, capacity 65970K, committed 66312K, reserved 1107968K
  class space    used 7976K, capacity 8592K, committed 8704K, reserved 1048576K
}
Event: 531.277 GC heap after
{Heap after GC invocations=30 (full 0):
 garbage-first heap   total 258048K, used 48096K [0x0000000080000000, 0x0000000100000000)
  region size 1024K, 4 young (4096K), 4 survivors (4096K)
 Metaspace       used 64459K, capacity 65970K, committed 66312K, reserved 1107968K
  class space    used 7976K, capacity 8592K, committed 8704K, reserved 1048576K
}
Event: 531.780 GC heap before
{Heap before GC invocations=30 (full 0):
 garbage-first heap   total 258048K, used 198624K [0x0000000080000000, 0x0000000100000000)
  region size 1024K, 151 young (154624K), 4 survivors (4096K)
 Metaspace       used 64463K, capacity 65970K, committed 66312K, reserved 1107968K
  class space    used 7976K, capacity 8592K, committed 8704K, reserved 1048576K
}
Event: 531.781 GC heap after
{Heap after GC invocations=31 (full 0):
 garbage-first heap   total 258048K, used 42224K [0x0000000080000000, 0x0000000100000000)
  region size 1024K, 1 young (1024K), 1 survivors (1024K)
 Metaspace       used 64463K, capacity 65970K, committed 66312K, reserved 1107968K
  class space    used 7976K, capacity 8592K, committed 8704K, reserved 1048576K
}
Event: 540.155 GC heap before
{Heap before GC invocations=31 (full 0):
 garbage-first heap   total 258048K, used 196848K [0x0000000080000000, 0x0000000100000000)
  region size 1024K, 151 young (154624K), 1 survivors (1024K)
 Metaspace       used 64469K, capacity 65970K, committed 66312K, reserved 1107968K
  class space    used 7976K, capacity 8592K, committed 8704K, reserved 1048576K
}
Event: 540.156 GC heap after
{Heap after GC invocations=32 (full 0):
 garbage-first heap   total 258048K, used 44436K [0x0000000080000000, 0x0000000100000000)
  region size 1024K, 1 young (1024K), 1 survivors (1024K)
 Metaspace       used 64469K, capacity 65970K, committed 66312K, reserved 1107968K
  class space    used 7976K, capacity 8592K, committed 8704K, reserved 1048576K
}
Event: 542.042 GC heap before
{Heap before GC invocations=32 (full 0):
 garbage-first heap   total 258048K, used 198036K [0x0000000080000000, 0x0000000100000000)
  region size 1024K, 151 young (154624K), 1 survivors (1024K)
 Metaspace       used 64472K, capacity 65970K, committed 66312K, reserved 1107968K
  class space    used 7976K, capacity 8592K, committed 8704K, reserved 1048576K
}
Event: 542.043 GC heap after
{Heap after GC invocations=33 (full 0):
 garbage-first heap   total 258048K, used 42110K [0x0000000080000000, 0x0000000100000000)
  region size 1024K, 1 young (1024K), 1 survivors (1024K)
 Metaspace       used 64472K, capacity 65970K, committed 66312K, reserved 1107968K
  class space    used 7976K, capacity 8592K, committed 8704K, reserved 1048576K
}
Event: 571.353 GC heap before
{Heap before GC invocations=33 (full 0):
 garbage-first heap   total 258048K, used 202878K [0x0000000080000000, 0x0000000100000000)
  region size 1024K, 151 young (154624K), 1 survivors (1024K)
 Metaspace       used 69185K, capacity 70861K, committed 70920K, reserved 1112064K
  class space    used 8550K, capacity 9202K, committed 9216K, reserved 1048576K
}
Event: 571.360 GC heap after
{Heap after GC invocations=34 (full 0):
 garbage-first heap   total 258048K, used 59246K [0x0000000080000000, 0x0000000100000000)
  region size 1024K, 10 young (10240K), 10 survivors (10240K)
 Metaspace       used 69185K, capacity 70861K, committed 70920K, reserved 1112064K
  class space    used 8550K, capacity 9202K, committed 9216K, reserved 1048576K
}
Event: 575.310 GC heap before
{Heap before GC invocations=34 (full 0):
 garbage-first heap   total 258048K, used 203630K [0x0000000080000000, 0x0000000100000000)
  region size 1024K, 151 young (154624K), 10 survivors (10240K)
 Metaspace       used 82822K, capacity 84771K, committed 85000K, reserved 1124352K
  class space    used 10227K, capacity 10978K, committed 11008K, reserved 1048576K
}
Event: 575.327 GC heap after
{Heap after GC invocations=35 (full 0):
 garbage-first heap   total 258048K, used 67131K [0x0000000080000000, 0x0000000100000000)
  region size 1024K, 17 young (17408K), 17 survivors (17408K)
 Metaspace       used 82822K, capacity 84771K, committed 85000K, reserved 1124352K
  class space    used 10227K, capacity 10978K, committed 11008K, reserved 1048576K
}
Event: 578.087 GC heap before
{Heap before GC invocations=35 (full 0):
 garbage-first heap   total 258048K, used 204347K [0x0000000080000000, 0x0000000100000000)
  region size 1024K, 151 young (154624K), 17 survivors (17408K)
 Metaspace       used 92080K, capacity 94119K, committed 94216K, reserved 1130496K
  class space    used 11649K, capacity 12450K, committed 12544K, reserved 1048576K
}
Event: 578.124 GC heap after
{Heap after GC invocations=36 (full 0):
 garbage-first heap   total 258048K, used 76035K [0x0000000080000000, 0x0000000100000000)
  region size 1024K, 17 young (17408K), 17 survivors (17408K)
 Metaspace       used 92080K, capacity 94119K, committed 94216K, reserved 1130496K
  class space    used 11649K, capacity 12450K, committed 12544K, reserved 1048576K
}
Event: 585.192 GC heap before
{Heap before GC invocations=36 (full 0):
 garbage-first heap   total 258048K, used 171267K [0x0000000080000000, 0x0000000100000000)
  region size 1024K, 104 young (106496K), 17 survivors (17408K)
 Metaspace       used 98607K, capacity 100842K, committed 100920K, reserved 1136640K
  class space    used 12561K, capacity 13438K, committed 13440K, reserved 1048576K
}
Event: 585.214 GC heap after
{Heap after GC invocations=37 (full 0):
 garbage-first heap   total 258048K, used 81197K [0x0000000080000000, 0x0000000100000000)
  region size 1024K, 15 young (15360K), 15 survivors (15360K)
 Metaspace       used 98607K, capacity 100842K, committed 100920K, reserved 1136640K
  class space    used 12561K, capacity 13438K, committed 13440K, reserved 1048576K
}

